<?xml version="1.0" encoding="UTF-8"?>
<!-- Generated by org.testng.reporters.JUnitReportReporter -->
<testsuite hostname="Shubham" failures="0" tests="4" name="TestCase.LogInPageTest" time="11.542" errors="0" timestamp="2023-09-06T17:42:34 IST" skipped="1">
  <testcase classname="TestCase.LogInPageTest" name="verifyTitleTest" time="3.316"/>
  <system-out/>
  <testcase classname="TestCase.LogInPageTest" name="verifyZerodhaLogoTest" time="4.315"/>
  <system-out/>
  <testcase classname="TestCase.LogInPageTest" name="loginToAppTest" time="3.911"/>
  <system-out/>
  <testcase classname="TestCase.LogInPageTest" name="verifyKiteLogoTest">
    <skipped/>
  </testcase> <!-- verifyKiteLogoTest -->
  <system-out/>
</testsuite> <!-- TestCase.LogInPageTest -->
